===== 周备份 2026-06-14 16:34 =====
[main b6e6c99] 周备份 2026-06-14
 Committer: Admin密码0000 <Admin@192.168.2.96>
Your name and email address were configured automatically based
on your username and hostname. Please check that they are accurate.
You can suppress this message by setting them explicitly. Run the
following command and follow the instructions in your editor to edit
your configuration file:

    git config --global --edit

After doing this, you may fix the identity used for this commit with:

    git commit --amend --reset-author

 2 files changed, 30 insertions(+)
 create mode 100755 _rebuild/auto-backup.sh
 create mode 100644 _rebuild/backup.log
fatal: No configured push destination.
Either specify the URL from the command-line or configure a remote repository using

    git remote add <name> <url>

and then push using the remote name

    git push <name>

⚠️ 备份完成（推送失败，可手动 git push）

